<?xml version="1.0" encoding="UTF-8"?>
<testsuite name="net.proselyte.qafordevs.it.ItDeveloperRestControllerV1Tests" tests="10" skipped="0" failures="0" errors="0" timestamp="2024-10-29T10:58:55" hostname="MacBook-Air-Dauren.local" time="0.83">
  <properties/>
  <testcase name="Test update developer with incorrect id functionality" classname="net.proselyte.qafordevs.it.ItDeveloperRestControllerV1Tests" time="0.611"/>
  <testcase name="Test hard delete by incorrect id functionality" classname="net.proselyte.qafordevs.it.ItDeveloperRestControllerV1Tests" time="0.022"/>
  <testcase name="Test soft delete by id functionality" classname="net.proselyte.qafordevs.it.ItDeveloperRestControllerV1Tests" time="0.079"/>
  <testcase name="Test create developer functionality" classname="net.proselyte.qafordevs.it.ItDeveloperRestControllerV1Tests" time="0.03"/>
  <testcase name="Test get developer by id functionality" classname="net.proselyte.qafordevs.it.ItDeveloperRestControllerV1Tests" time="0.014"/>
  <testcase name="Test create developer with duplicate email functionality" classname="net.proselyte.qafordevs.it.ItDeveloperRestControllerV1Tests" time="0.012"/>
  <testcase name="Test update developer functionality" classname="net.proselyte.qafordevs.it.ItDeveloperRestControllerV1Tests" time="0.018"/>
  <testcase name="Test soft delete by incorrect id functionality" classname="net.proselyte.qafordevs.it.ItDeveloperRestControllerV1Tests" time="0.008"/>
  <testcase name="Test hard delete by id functionality" classname="net.proselyte.qafordevs.it.ItDeveloperRestControllerV1Tests" time="0.012"/>
  <testcase name="Test get developer by incorrect id functionality" classname="net.proselyte.qafordevs.it.ItDeveloperRestControllerV1Tests" time="0.013"/>
  <system-out><![CDATA[15:58:52.423 [Test worker] INFO org.springframework.test.context.support.AnnotationConfigContextLoaderUtils -- Could not detect default configuration classes for test class [net.proselyte.qafordevs.it.ItDeveloperRestControllerV1Tests]: ItDeveloperRestControllerV1Tests does not declare any static, non-private, non-final, nested classes annotated with @Configuration.
15:58:52.512 [Test worker] INFO org.springframework.boot.test.context.SpringBootTestContextBootstrapper -- Found @SpringBootConfiguration net.proselyte.qafordevs.QafordevsApplication for test class net.proselyte.qafordevs.it.ItDeveloperRestControllerV1Tests
  .   ____          _            __ _ _
 /\\ / ___'_ __ _ _(_)_ __  __ _ \ \ \ \
( ( )\___ | '_ | '_| | '_ \/ _` | \ \ \ \
 \\/  ___)| |_)| | | | | || (_| |  ) ) ) )
  '  |____| .__|_| |_|_| |_\__, | / / / /
 =========|_|==============|___/=/_/_/_/

 :: Spring Boot ::       (v3.3.0-SNAPSHOT)

2024-10-29T15:58:52.779+05:00  INFO 30727 --- [qafordevs] [    Test worker] n.p.q.i.ItDeveloperRestControllerV1Tests : Starting ItDeveloperRestControllerV1Tests using Java 21.0.3 with PID 30727 (started by daurenassanbaev in /Users/daurenassanbaev/IdeaProjects/untitled7/qafordevs)
2024-10-29T15:58:52.780+05:00  INFO 30727 --- [qafordevs] [    Test worker] n.p.q.i.ItDeveloperRestControllerV1Tests : The following 1 profile is active: "test"
2024-10-29T15:58:53.207+05:00  INFO 30727 --- [qafordevs] [    Test worker] .s.d.r.c.RepositoryConfigurationDelegate : Bootstrapping Spring Data JPA repositories in DEFAULT mode.
2024-10-29T15:58:53.239+05:00  INFO 30727 --- [qafordevs] [    Test worker] .s.d.r.c.RepositoryConfigurationDelegate : Finished Spring Data repository scanning in 27 ms. Found 1 JPA repository interface.
2024-10-29T15:58:53.552+05:00  INFO 30727 --- [qafordevs] [    Test worker] o.s.b.w.embedded.tomcat.TomcatWebServer  : Tomcat initialized with port 0 (http)
2024-10-29T15:58:53.561+05:00  INFO 30727 --- [qafordevs] [    Test worker] o.apache.catalina.core.StandardService   : Starting service [Tomcat]
2024-10-29T15:58:53.562+05:00  INFO 30727 --- [qafordevs] [    Test worker] o.apache.catalina.core.StandardEngine    : Starting Servlet engine: [Apache Tomcat/10.1.24]
2024-10-29T15:58:53.601+05:00  INFO 30727 --- [qafordevs] [    Test worker] o.a.c.c.C.[Tomcat].[localhost].[/]       : Initializing Spring embedded WebApplicationContext
2024-10-29T15:58:53.601+05:00  INFO 30727 --- [qafordevs] [    Test worker] w.s.c.ServletWebServerApplicationContext : Root WebApplicationContext: initialization completed in 813 ms
2024-10-29T15:58:53.708+05:00  INFO 30727 --- [qafordevs] [    Test worker] o.hibernate.jpa.internal.util.LogHelper  : HHH000204: Processing PersistenceUnitInfo [name: default]
2024-10-29T15:58:53.743+05:00  INFO 30727 --- [qafordevs] [    Test worker] org.hibernate.Version                    : HHH000412: Hibernate ORM core version 6.5.2.Final
2024-10-29T15:58:53.763+05:00  INFO 30727 --- [qafordevs] [    Test worker] o.h.c.internal.RegionFactoryInitiator    : HHH000026: Second-level cache disabled
2024-10-29T15:58:53.959+05:00  INFO 30727 --- [qafordevs] [    Test worker] o.s.o.j.p.SpringPersistenceUnitInfo      : No LoadTimeWeaver setup: ignoring JPA class transformer
2024-10-29T15:58:53.975+05:00  INFO 30727 --- [qafordevs] [    Test worker] com.zaxxer.hikari.HikariDataSource       : HikariPool-1 - Starting...
2024-10-29T15:58:54.076+05:00  INFO 30727 --- [qafordevs] [    Test worker] com.zaxxer.hikari.pool.HikariPool        : HikariPool-1 - Added connection org.postgresql.jdbc.PgConnection@6684589a
2024-10-29T15:58:54.076+05:00  INFO 30727 --- [qafordevs] [    Test worker] com.zaxxer.hikari.HikariDataSource       : HikariPool-1 - Start completed.
2024-10-29T15:58:54.620+05:00  INFO 30727 --- [qafordevs] [    Test worker] o.h.e.t.j.p.i.JtaPlatformInitiator       : HHH000489: No JTA platform available (set 'hibernate.transaction.jta.platform' to enable JTA platform integration)
Hibernate: drop table if exists developers cascade
Hibernate: create table developers (id integer generated by default as identity, email varchar(255), first_name varchar(255), last_name varchar(255), specialty varchar(255), status varchar(255) check (status in ('ACTIVE','DELETED')), primary key (id))
2024-10-29T15:58:54.661+05:00  INFO 30727 --- [qafordevs] [    Test worker] j.LocalContainerEntityManagerFactoryBean : Initialized JPA EntityManagerFactory for persistence unit 'default'
2024-10-29T15:58:54.839+05:00  INFO 30727 --- [qafordevs] [    Test worker] o.s.d.j.r.query.QueryEnhancerFactory     : Hibernate is in classpath; If applicable, HQL parser will be used.
2024-10-29T15:58:55.157+05:00  WARN 30727 --- [qafordevs] [    Test worker] JpaBaseConfiguration$JpaWebConfiguration : spring.jpa.open-in-view is enabled by default. Therefore, database queries may be performed during view rendering. Explicitly configure spring.jpa.open-in-view to disable this warning
2024-10-29T15:58:55.369+05:00  INFO 30727 --- [qafordevs] [    Test worker] o.a.c.c.C.[Tomcat].[localhost].[/]       : Initializing Spring TestDispatcherServlet ''
2024-10-29T15:58:55.369+05:00  INFO 30727 --- [qafordevs] [    Test worker] o.s.t.web.servlet.TestDispatcherServlet  : Initializing Servlet ''
2024-10-29T15:58:55.370+05:00  INFO 30727 --- [qafordevs] [    Test worker] o.s.t.web.servlet.TestDispatcherServlet  : Completed initialization in 1 ms
2024-10-29T15:58:55.397+05:00  INFO 30727 --- [qafordevs] [    Test worker] o.s.b.w.embedded.tomcat.TomcatWebServer  : Tomcat started on port 62240 (http) with context path '/'
2024-10-29T15:58:55.404+05:00  INFO 30727 --- [qafordevs] [    Test worker] n.p.q.i.ItDeveloperRestControllerV1Tests : Started ItDeveloperRestControllerV1Tests in 2.806 seconds (process running for 3.711)
Hibernate: select de1_0.id,de1_0.email,de1_0.first_name,de1_0.last_name,de1_0.specialty,de1_0.status from developers de1_0
Hibernate: select count(*) from developers de1_0 where de1_0.id=?

MockHttpServletRequest:
      HTTP Method = PUT
      Request URI = /api/v1/developers
       Parameters = {}
          Headers = [Content-Type:"application/json;charset=UTF-8", Content-Length:"110"]
             Body = {"id":1,"email":"john.doe@gmail.com","firstName":"John","lastName":"Doe","specialty":"Java","status":"ACTIVE"}
    Session Attrs = {}

Handler:
             Type = net.proselyte.qafordevs.rest.DeveloperRestControllerV1
           Method = net.proselyte.qafordevs.rest.DeveloperRestControllerV1#updateDeveloper(DeveloperDto)

Async:
    Async started = false
     Async result = null

Resolved Exception:
             Type = null

ModelAndView:
        View name = null
             View = null
            Model = null

FlashMap:
       Attributes = null

MockHttpServletResponse:
           Status = 400
    Error message = null
          Headers = [Content-Type:"application/json"]
     Content type = application/json
             Body = {"status":400,"message":"Developer not found"}
    Forwarded URL = null
   Redirected URL = null
          Cookies = []
Hibernate: select de1_0.id,de1_0.email,de1_0.first_name,de1_0.last_name,de1_0.specialty,de1_0.status from developers de1_0
Hibernate: select de1_0.id,de1_0.email,de1_0.first_name,de1_0.last_name,de1_0.specialty,de1_0.status from developers de1_0 where de1_0.id=?

MockHttpServletRequest:
      HTTP Method = DELETE
      Request URI = /api/v1/developers/1
       Parameters = {isHard=[true]}
          Headers = [Accept:"application/json"]
             Body = null
    Session Attrs = {}

Handler:
             Type = net.proselyte.qafordevs.rest.DeveloperRestControllerV1
           Method = net.proselyte.qafordevs.rest.DeveloperRestControllerV1#deleteDeveloperById(Integer, boolean)

Async:
    Async started = false
     Async result = null

Resolved Exception:
             Type = null

ModelAndView:
        View name = null
             View = null
            Model = null

FlashMap:
       Attributes = null

MockHttpServletResponse:
           Status = 400
    Error message = null
          Headers = [Content-Type:"application/json"]
     Content type = application/json
             Body = {"status":400,"message":"Developer not found"}
    Forwarded URL = null
   Redirected URL = null
          Cookies = []
Hibernate: select de1_0.id,de1_0.email,de1_0.first_name,de1_0.last_name,de1_0.specialty,de1_0.status from developers de1_0
Hibernate: insert into developers (email,first_name,last_name,specialty,status) values (?,?,?,?,?) returning id
Hibernate: select de1_0.id,de1_0.email,de1_0.first_name,de1_0.last_name,de1_0.specialty,de1_0.status from developers de1_0 where de1_0.id=?
Hibernate: update developers set email=?,first_name=?,last_name=?,specialty=?,status=? where id=?
Hibernate: select de1_0.id,de1_0.email,de1_0.first_name,de1_0.last_name,de1_0.specialty,de1_0.status from developers de1_0 where de1_0.id=?

MockHttpServletRequest:
      HTTP Method = DELETE
      Request URI = /api/v1/developers/1
       Parameters = {}
          Headers = [Accept:"application/json"]
             Body = null
    Session Attrs = {}

Handler:
             Type = net.proselyte.qafordevs.rest.DeveloperRestControllerV1
           Method = net.proselyte.qafordevs.rest.DeveloperRestControllerV1#deleteDeveloperById(Integer, boolean)

Async:
    Async started = false
     Async result = null

Resolved Exception:
             Type = null

ModelAndView:
        View name = null
             View = null
            Model = null

FlashMap:
       Attributes = null

MockHttpServletResponse:
           Status = 200
    Error message = null
          Headers = []
     Content type = null
             Body = 
    Forwarded URL = null
   Redirected URL = null
          Cookies = []
Hibernate: select de1_0.id,de1_0.email,de1_0.first_name,de1_0.last_name,de1_0.specialty,de1_0.status from developers de1_0
Hibernate: delete from developers where id=?
Hibernate: select de1_0.id,de1_0.email,de1_0.first_name,de1_0.last_name,de1_0.specialty,de1_0.status from developers de1_0 where de1_0.email=?
Hibernate: insert into developers (email,first_name,last_name,specialty,status) values (?,?,?,?,?) returning id

MockHttpServletRequest:
      HTTP Method = POST
      Request URI = /api/v1/developers
       Parameters = {}
          Headers = [Content-Type:"application/json;charset=UTF-8", Content-Length:"103"]
             Body = {"email":"john.doe@gmail.com","firstName":"John","lastName":"Doe","specialty":"Java","status":"ACTIVE"}
    Session Attrs = {}

Handler:
             Type = net.proselyte.qafordevs.rest.DeveloperRestControllerV1
           Method = net.proselyte.qafordevs.rest.DeveloperRestControllerV1#createDeveloper(DeveloperDto)

Async:
    Async started = false
     Async result = null

Resolved Exception:
             Type = null

ModelAndView:
        View name = null
             View = null
            Model = null

FlashMap:
       Attributes = null

MockHttpServletResponse:
           Status = 200
    Error message = null
          Headers = [Content-Type:"application/json"]
     Content type = application/json
             Body = {"id":2,"email":"john.doe@gmail.com","firstName":"John","lastName":"Doe","specialty":"Java","status":"ACTIVE"}
    Forwarded URL = null
   Redirected URL = null
          Cookies = []
Hibernate: select de1_0.id,de1_0.email,de1_0.first_name,de1_0.last_name,de1_0.specialty,de1_0.status from developers de1_0
Hibernate: delete from developers where id=?
Hibernate: insert into developers (email,first_name,last_name,specialty,status) values (?,?,?,?,?) returning id
Hibernate: select de1_0.id,de1_0.email,de1_0.first_name,de1_0.last_name,de1_0.specialty,de1_0.status from developers de1_0 where de1_0.id=?

MockHttpServletRequest:
      HTTP Method = GET
      Request URI = /api/v1/developers/3
       Parameters = {}
          Headers = [Content-Type:"application/json;charset=UTF-8"]
             Body = null
    Session Attrs = {}

Handler:
             Type = net.proselyte.qafordevs.rest.DeveloperRestControllerV1
           Method = net.proselyte.qafordevs.rest.DeveloperRestControllerV1#getDeveloperById(Integer)

Async:
    Async started = false
     Async result = null

Resolved Exception:
             Type = null

ModelAndView:
        View name = null
             View = null
            Model = null

FlashMap:
       Attributes = null

MockHttpServletResponse:
           Status = 200
    Error message = null
          Headers = [Content-Type:"application/json"]
     Content type = application/json
             Body = {"id":3,"email":"john.doe@gmail.com","firstName":"John","lastName":"Doe","specialty":"Java","status":"ACTIVE"}
    Forwarded URL = null
   Redirected URL = null
          Cookies = []
Hibernate: select de1_0.id,de1_0.email,de1_0.first_name,de1_0.last_name,de1_0.specialty,de1_0.status from developers de1_0
Hibernate: delete from developers where id=?
Hibernate: insert into developers (email,first_name,last_name,specialty,status) values (?,?,?,?,?) returning id
Hibernate: select de1_0.id,de1_0.email,de1_0.first_name,de1_0.last_name,de1_0.specialty,de1_0.status from developers de1_0 where de1_0.email=?

MockHttpServletRequest:
      HTTP Method = POST
      Request URI = /api/v1/developers
       Parameters = {}
          Headers = [Content-Type:"application/json;charset=UTF-8", Content-Length:"103"]
             Body = {"email":"duplicate@mail.com","firstName":"John","lastName":"Doe","specialty":"Java","status":"ACTIVE"}
    Session Attrs = {}

Handler:
             Type = net.proselyte.qafordevs.rest.DeveloperRestControllerV1
           Method = net.proselyte.qafordevs.rest.DeveloperRestControllerV1#createDeveloper(DeveloperDto)

Async:
    Async started = false
     Async result = null

Resolved Exception:
             Type = null

ModelAndView:
        View name = null
             View = null
            Model = null

FlashMap:
       Attributes = null

MockHttpServletResponse:
           Status = 400
    Error message = null
          Headers = [Content-Type:"application/json"]
     Content type = application/json
             Body = {"status":400,"message":"Developer with defined email is already exists"}
    Forwarded URL = null
   Redirected URL = null
          Cookies = []
Hibernate: select de1_0.id,de1_0.email,de1_0.first_name,de1_0.last_name,de1_0.specialty,de1_0.status from developers de1_0
Hibernate: delete from developers where id=?
Hibernate: insert into developers (email,first_name,last_name,specialty,status) values (?,?,?,?,?) returning id
Hibernate: select count(*) from developers de1_0 where de1_0.id=?
Hibernate: select de1_0.id,de1_0.email,de1_0.first_name,de1_0.last_name,de1_0.specialty,de1_0.status from developers de1_0 where de1_0.id=?
Hibernate: update developers set email=?,first_name=?,last_name=?,specialty=?,status=? where id=?

MockHttpServletRequest:
      HTTP Method = PUT
      Request URI = /api/v1/developers
       Parameters = {}
          Headers = [Content-Type:"application/json;charset=UTF-8", Content-Length:"109"]
             Body = {"id":5,"email":"updated@gmail.com","firstName":"John","lastName":"Doe","specialty":"Java","status":"ACTIVE"}
    Session Attrs = {}

Handler:
             Type = net.proselyte.qafordevs.rest.DeveloperRestControllerV1
           Method = net.proselyte.qafordevs.rest.DeveloperRestControllerV1#updateDeveloper(DeveloperDto)

Async:
    Async started = false
     Async result = null

Resolved Exception:
             Type = null

ModelAndView:
        View name = null
             View = null
            Model = null

FlashMap:
       Attributes = null

MockHttpServletResponse:
           Status = 200
    Error message = null
          Headers = [Content-Type:"application/json"]
     Content type = application/json
             Body = {"id":5,"email":"updated@gmail.com","firstName":"John","lastName":"Doe","specialty":"Java","status":"ACTIVE"}
    Forwarded URL = null
   Redirected URL = null
          Cookies = []
Hibernate: select de1_0.id,de1_0.email,de1_0.first_name,de1_0.last_name,de1_0.specialty,de1_0.status from developers de1_0
Hibernate: delete from developers where id=?
Hibernate: select de1_0.id,de1_0.email,de1_0.first_name,de1_0.last_name,de1_0.specialty,de1_0.status from developers de1_0 where de1_0.id=?

MockHttpServletRequest:
      HTTP Method = DELETE
      Request URI = /api/v1/developers/1
       Parameters = {}
          Headers = [Accept:"application/json"]
             Body = null
    Session Attrs = {}

Handler:
             Type = net.proselyte.qafordevs.rest.DeveloperRestControllerV1
           Method = net.proselyte.qafordevs.rest.DeveloperRestControllerV1#deleteDeveloperById(Integer, boolean)

Async:
    Async started = false
     Async result = null

Resolved Exception:
             Type = null

ModelAndView:
        View name = null
             View = null
            Model = null

FlashMap:
       Attributes = null

MockHttpServletResponse:
           Status = 400
    Error message = null
          Headers = [Content-Type:"application/json"]
     Content type = application/json
             Body = {"status":400,"message":"Developer not found"}
    Forwarded URL = null
   Redirected URL = null
          Cookies = []
Hibernate: select de1_0.id,de1_0.email,de1_0.first_name,de1_0.last_name,de1_0.specialty,de1_0.status from developers de1_0
Hibernate: insert into developers (email,first_name,last_name,specialty,status) values (?,?,?,?,?) returning id
Hibernate: select de1_0.id,de1_0.email,de1_0.first_name,de1_0.last_name,de1_0.specialty,de1_0.status from developers de1_0 where de1_0.id=?
Hibernate: delete from developers where id=?
Hibernate: select de1_0.id,de1_0.email,de1_0.first_name,de1_0.last_name,de1_0.specialty,de1_0.status from developers de1_0 where de1_0.id=?

MockHttpServletRequest:
      HTTP Method = DELETE
      Request URI = /api/v1/developers/6
       Parameters = {isHard=[true]}
          Headers = [Accept:"application/json"]
             Body = null
    Session Attrs = {}

Handler:
             Type = net.proselyte.qafordevs.rest.DeveloperRestControllerV1
           Method = net.proselyte.qafordevs.rest.DeveloperRestControllerV1#deleteDeveloperById(Integer, boolean)

Async:
    Async started = false
     Async result = null

Resolved Exception:
             Type = null

ModelAndView:
        View name = null
             View = null
            Model = null

FlashMap:
       Attributes = null

MockHttpServletResponse:
           Status = 200
    Error message = null
          Headers = []
     Content type = null
             Body = 
    Forwarded URL = null
   Redirected URL = null
          Cookies = []
Hibernate: select de1_0.id,de1_0.email,de1_0.first_name,de1_0.last_name,de1_0.specialty,de1_0.status from developers de1_0
Hibernate: select de1_0.id,de1_0.email,de1_0.first_name,de1_0.last_name,de1_0.specialty,de1_0.status from developers de1_0 where de1_0.id=?

MockHttpServletRequest:
      HTTP Method = GET
      Request URI = /api/v1/developers/1
       Parameters = {}
          Headers = [Content-Type:"application/json;charset=UTF-8"]
             Body = null
    Session Attrs = {}

Handler:
             Type = net.proselyte.qafordevs.rest.DeveloperRestControllerV1
           Method = net.proselyte.qafordevs.rest.DeveloperRestControllerV1#getDeveloperById(Integer)

Async:
    Async started = false
     Async result = null

Resolved Exception:
             Type = null

ModelAndView:
        View name = null
             View = null
            Model = null

FlashMap:
       Attributes = null

MockHttpServletResponse:
           Status = 404
    Error message = null
          Headers = [Content-Type:"application/json"]
     Content type = application/json
             Body = {"status":404,"message":"Developer not found"}
    Forwarded URL = null
   Redirected URL = null
          Cookies = []
]]></system-out>
  <system-err><![CDATA[WARNING: A Java agent has been loaded dynamically (/Users/daurenassanbaev/.gradle/caches/modules-2/files-2.1/net.bytebuddy/byte-buddy-agent/1.14.16/4a451ee6484abac3a498df0f3b33ed00a6fced4d/byte-buddy-agent-1.14.16.jar)
WARNING: If a serviceability tool is in use, please run with -XX:+EnableDynamicAgentLoading to hide this warning
WARNING: If a serviceability tool is not in use, please run with -Djdk.instrument.traceUsage for more information
WARNING: Dynamic loading of agents will be disallowed by default in a future release
]]></system-err>
</testsuite>
